1754361580.827596 client started (9818): version 3.2a, socket /tmp/tmux-1000/default, protocol 8
1754361580.827630 on Linux 6.8.0-65-generic #68~22.04.1-Ubuntu SMP PREEMPT_DYNAMIC Tue Jul 15 18:06:34 UTC 2
1754361580.827636 using libevent 2.1.12-stable (poll); ncurses 6.3
1754361580.827658 flags are 0x18010000
1754361580.827662 socket is /tmp/tmux-1000/default
1754361580.827679 trying connect
1754361580.827698 connect failed: Connection refused
1754361580.827709 lock file is /tmp/tmux-1000/default.lock
1754361580.827753 flock succeeded
1754361580.827758 got lock (6)
1754361580.827767 trying connect
1754361580.827777 connect failed: Connection refused
1754361580.828071 add peer 0x5a61e3d73a90: 7 ((nil))
1754361580.828661 sending message 100 to peer 0x5a61e3d73a90 (4 bytes)
1754361580.828677 sending message 111 to peer 0x5a61e3d73a90 (8 bytes)
1754361580.828682 sending message 101 to peer 0x5a61e3d73a90 (12 bytes)
1754361580.828685 sending message 109 to peer 0x5a61e3d73a90 (4 bytes)
1754361580.828689 sending message 102 to peer 0x5a61e3d73a90 (11 bytes)
1754361580.828692 sending message 108 to peer 0x5a61e3d73a90 (25 bytes)
1754361580.828696 sending message 112 to peer 0x5a61e3d73a90 (70 bytes)
1754361580.828699 sending message 112 to peer 0x5a61e3d73a90 (5 bytes)
1754361580.828703 sending message 112 to peer 0x5a61e3d73a90 (6 bytes)
1754361580.828707 sending message 112 to peer 0x5a61e3d73a90 (6 bytes)
1754361580.828710 sending message 112 to peer 0x5a61e3d73a90 (10 bytes)
1754361580.828713 sending message 112 to peer 0x5a61e3d73a90 (13 bytes)
1754361580.828716 sending message 112 to peer 0x5a61e3d73a90 (14 bytes)
1754361580.828719 sending message 112 to peer 0x5a61e3d73a90 (19 bytes)
1754361580.828723 sending message 112 to peer 0x5a61e3d73a90 (11 bytes)
1754361580.828726 sending message 112 to peer 0x5a61e3d73a90 (10 bytes)
1754361580.828729 sending message 112 to peer 0x5a61e3d73a90 (15 bytes)
1754361580.828732 sending message 112 to peer 0x5a61e3d73a90 (21 bytes)
1754361580.828735 sending message 112 to peer 0x5a61e3d73a90 (13 bytes)
1754361580.828738 sending message 112 to peer 0x5a61e3d73a90 (7 bytes)
1754361580.828741 sending message 112 to peer 0x5a61e3d73a90 (13 bytes)
1754361580.828744 sending message 112 to peer 0x5a61e3d73a90 (7 bytes)
1754361580.828748 sending message 112 to peer 0x5a61e3d73a90 (13 bytes)
1754361580.828751 sending message 112 to peer 0x5a61e3d73a90 (9 bytes)
1754361580.828754 sending message 112 to peer 0x5a61e3d73a90 (21 bytes)
1754361580.828757 sending message 112 to peer 0x5a61e3d73a90 (13 bytes)
1754361580.828760 sending message 112 to peer 0x5a61e3d73a90 (9 bytes)
1754361580.828764 sending message 112 to peer 0x5a61e3d73a90 (16 bytes)
1754361580.828767 sending message 112 to peer 0x5a61e3d73a90 (13 bytes)
1754361580.828770 sending message 112 to peer 0x5a61e3d73a90 (9 bytes)
1754361580.828773 sending message 112 to peer 0x5a61e3d73a90 (9 bytes)
1754361580.828778 sending message 112 to peer 0x5a61e3d73a90 (12 bytes)
1754361580.828781 sending message 112 to peer 0x5a61e3d73a90 (8 bytes)
1754361580.828784 sending message 112 to peer 0x5a61e3d73a90 (13 bytes)
1754361580.828787 sending message 112 to peer 0x5a61e3d73a90 (7 bytes)
1754361580.828790 sending message 112 to peer 0x5a61e3d73a90 (7 bytes)
1754361580.828793 sending message 112 to peer 0x5a61e3d73a90 (9 bytes)
1754361580.828796 sending message 112 to peer 0x5a61e3d73a90 (6 bytes)
1754361580.828799 sending message 112 to peer 0x5a61e3d73a90 (9 bytes)
1754361580.828802 sending message 112 to peer 0x5a61e3d73a90 (15 bytes)
1754361580.828806 sending message 112 to peer 0x5a61e3d73a90 (13 bytes)
1754361580.828809 sending message 112 to peer 0x5a61e3d73a90 (12 bytes)
1754361580.828812 sending message 112 to peer 0x5a61e3d73a90 (8 bytes)
1754361580.828815 sending message 112 to peer 0x5a61e3d73a90 (14 bytes)
1754361580.828818 sending message 112 to peer 0x5a61e3d73a90 (9 bytes)
1754361580.828821 sending message 112 to peer 0x5a61e3d73a90 (10 bytes)
1754361580.828824 sending message 112 to peer 0x5a61e3d73a90 (10 bytes)
1754361580.828827 sending message 112 to peer 0x5a61e3d73a90 (10 bytes)
1754361580.828843 sending message 112 to peer 0x5a61e3d73a90 (10 bytes)
1754361580.828848 sending message 112 to peer 0x5a61e3d73a90 (11 bytes)
1754361580.828851 sending message 112 to peer 0x5a61e3d73a90 (12 bytes)
1754361580.828854 sending message 112 to peer 0x5a61e3d73a90 (12 bytes)
1754361580.828857 sending message 112 to peer 0x5a61e3d73a90 (12 bytes)
1754361580.828860 sending message 112 to peer 0x5a61e3d73a90 (12 bytes)
1754361580.828863 sending message 112 to peer 0x5a61e3d73a90 (12 bytes)
1754361580.828866 sending message 112 to peer 0x5a61e3d73a90 (11 bytes)
1754361580.828869 sending message 112 to peer 0x5a61e3d73a90 (11 bytes)
1754361580.828873 sending message 112 to peer 0x5a61e3d73a90 (12 bytes)
1754361580.828876 sending message 112 to peer 0x5a61e3d73a90 (12 bytes)
1754361580.828879 sending message 112 to peer 0x5a61e3d73a90 (12 bytes)
1754361580.828882 sending message 112 to peer 0x5a61e3d73a90 (12 bytes)
1754361580.828885 sending message 112 to peer 0x5a61e3d73a90 (12 bytes)
1754361580.828888 sending message 112 to peer 0x5a61e3d73a90 (9 bytes)
1754361580.828891 sending message 112 to peer 0x5a61e3d73a90 (12 bytes)
1754361580.828894 sending message 112 to peer 0x5a61e3d73a90 (13 bytes)
1754361580.828897 sending message 112 to peer 0x5a61e3d73a90 (13 bytes)
1754361580.828900 sending message 112 to peer 0x5a61e3d73a90 (13 bytes)
1754361580.828903 sending message 112 to peer 0x5a61e3d73a90 (13 bytes)
1754361580.828906 sending message 112 to peer 0x5a61e3d73a90 (13 bytes)
1754361580.828910 sending message 112 to peer 0x5a61e3d73a90 (8 bytes)
1754361580.828913 sending message 112 to peer 0x5a61e3d73a90 (11 bytes)
1754361580.828916 sending message 112 to peer 0x5a61e3d73a90 (11 bytes)
1754361580.828919 sending message 112 to peer 0x5a61e3d73a90 (11 bytes)
1754361580.828922 sending message 112 to peer 0x5a61e3d73a90 (12 bytes)
1754361580.828925 sending message 112 to peer 0x5a61e3d73a90 (12 bytes)
1754361580.828928 sending message 112 to peer 0x5a61e3d73a90 (13 bytes)
1754361580.828931 sending message 112 to peer 0x5a61e3d73a90 (12 bytes)
1754361580.828934 sending message 112 to peer 0x5a61e3d73a90 (13 bytes)
1754361580.828937 sending message 112 to peer 0x5a61e3d73a90 (13 bytes)
1754361580.828941 sending message 112 to peer 0x5a61e3d73a90 (13 bytes)
1754361580.828944 sending message 112 to peer 0x5a61e3d73a90 (8 bytes)
1754361580.828947 sending message 112 to peer 0x5a61e3d73a90 (13 bytes)
1754361580.828950 sending message 112 to peer 0x5a61e3d73a90 (13 bytes)
1754361580.828953 sending message 112 to peer 0x5a61e3d73a90 (13 bytes)
1754361580.828956 sending message 112 to peer 0x5a61e3d73a90 (13 bytes)
1754361580.828959 sending message 112 to peer 0x5a61e3d73a90 (13 bytes)
1754361580.828962 sending message 112 to peer 0x5a61e3d73a90 (12 bytes)
1754361580.828965 sending message 112 to peer 0x5a61e3d73a90 (12 bytes)
1754361580.828969 sending message 112 to peer 0x5a61e3d73a90 (13 bytes)
1754361580.828972 sending message 112 to peer 0x5a61e3d73a90 (12 bytes)
1754361580.828975 sending message 112 to peer 0x5a61e3d73a90 (13 bytes)
1754361580.828978 sending message 112 to peer 0x5a61e3d73a90 (8 bytes)
1754361580.828981 sending message 112 to peer 0x5a61e3d73a90 (13 bytes)
1754361580.828984 sending message 112 to peer 0x5a61e3d73a90 (13 bytes)
1754361580.828987 sending message 112 to peer 0x5a61e3d73a90 (13 bytes)
1754361580.828991 sending message 112 to peer 0x5a61e3d73a90 (13 bytes)
1754361580.828994 sending message 112 to peer 0x5a61e3d73a90 (13 bytes)
1754361580.828997 sending message 112 to peer 0x5a61e3d73a90 (13 bytes)
1754361580.829000 sending message 112 to peer 0x5a61e3d73a90 (13 bytes)
1754361580.829003 sending message 112 to peer 0x5a61e3d73a90 (12 bytes)
1754361580.829006 sending message 112 to peer 0x5a61e3d73a90 (12 bytes)
1754361580.829009 sending message 112 to peer 0x5a61e3d73a90 (13 bytes)
1754361580.829012 sending message 112 to peer 0x5a61e3d73a90 (8 bytes)
1754361580.829015 sending message 112 to peer 0x5a61e3d73a90 (12 bytes)
1754361580.829018 sending message 112 to peer 0x5a61e3d73a90 (13 bytes)
1754361580.829026 sending message 112 to peer 0x5a61e3d73a90 (13 bytes)
1754361580.829029 sending message 112 to peer 0x5a61e3d73a90 (13 bytes)
1754361580.829033 sending message 112 to peer 0x5a61e3d73a90 (13 bytes)
1754361580.829036 sending message 112 to peer 0x5a61e3d73a90 (13 bytes)
1754361580.829040 sending message 112 to peer 0x5a61e3d73a90 (13 bytes)
1754361580.829043 sending message 112 to peer 0x5a61e3d73a90 (13 bytes)
1754361580.829046 sending message 112 to peer 0x5a61e3d73a90 (13 bytes)
1754361580.829049 sending message 112 to peer 0x5a61e3d73a90 (12 bytes)
1754361580.829052 sending message 112 to peer 0x5a61e3d73a90 (10 bytes)
1754361580.829055 sending message 112 to peer 0x5a61e3d73a90 (12 bytes)
1754361580.829058 sending message 112 to peer 0x5a61e3d73a90 (13 bytes)
1754361580.829061 sending message 112 to peer 0x5a61e3d73a90 (12 bytes)
1754361580.829064 sending message 112 to peer 0x5a61e3d73a90 (13 bytes)
1754361580.829067 sending message 112 to peer 0x5a61e3d73a90 (13 bytes)
1754361580.829070 sending message 112 to peer 0x5a61e3d73a90 (13 bytes)
1754361580.829073 sending message 112 to peer 0x5a61e3d73a90 (13 bytes)
1754361580.829076 sending message 112 to peer 0x5a61e3d73a90 (13 bytes)
1754361580.829080 sending message 112 to peer 0x5a61e3d73a90 (13 bytes)
1754361580.829083 sending message 112 to peer 0x5a61e3d73a90 (13 bytes)
1754361580.829086 sending message 112 to peer 0x5a61e3d73a90 (10 bytes)
1754361580.829089 sending message 112 to peer 0x5a61e3d73a90 (13 bytes)
1754361580.829092 sending message 112 to peer 0x5a61e3d73a90 (12 bytes)
1754361580.829095 sending message 112 to peer 0x5a61e3d73a90 (12 bytes)
1754361580.829098 sending message 112 to peer 0x5a61e3d73a90 (13 bytes)
1754361580.829101 sending message 112 to peer 0x5a61e3d73a90 (10 bytes)
1754361580.829104 sending message 112 to peer 0x5a61e3d73a90 (10 bytes)
1754361580.829107 sending message 112 to peer 0x5a61e3d73a90 (10 bytes)
1754361580.829110 sending message 112 to peer 0x5a61e3d73a90 (12 bytes)
1754361580.829113 sending message 112 to peer 0x5a61e3d73a90 (13 bytes)
1754361580.829116 sending message 112 to peer 0x5a61e3d73a90 (13 bytes)
1754361580.829119 sending message 112 to peer 0x5a61e3d73a90 (13 bytes)
1754361580.829122 sending message 112 to peer 0x5a61e3d73a90 (13 bytes)
1754361580.829125 sending message 112 to peer 0x5a61e3d73a90 (13 bytes)
1754361580.829128 sending message 112 to peer 0x5a61e3d73a90 (10 bytes)
1754361580.829131 sending message 112 to peer 0x5a61e3d73a90 (11 bytes)
1754361580.829135 sending message 112 to peer 0x5a61e3d73a90 (12 bytes)
1754361580.829138 sending message 112 to peer 0x5a61e3d73a90 (12 bytes)
1754361580.829141 sending message 112 to peer 0x5a61e3d73a90 (12 bytes)
1754361580.829144 sending message 112 to peer 0x5a61e3d73a90 (12 bytes)
1754361580.829147 sending message 112 to peer 0x5a61e3d73a90 (12 bytes)
1754361580.829150 sending message 112 to peer 0x5a61e3d73a90 (11 bytes)
1754361580.829153 sending message 112 to peer 0x5a61e3d73a90 (12 bytes)
1754361580.829156 sending message 112 to peer 0x5a61e3d73a90 (12 bytes)
1754361580.829159 sending message 112 to peer 0x5a61e3d73a90 (13 bytes)
1754361580.829162 sending message 112 to peer 0x5a61e3d73a90 (13 bytes)
1754361580.829165 sending message 112 to peer 0x5a61e3d73a90 (13 bytes)
1754361580.829168 sending message 112 to peer 0x5a61e3d73a90 (13 bytes)
1754361580.829172 sending message 112 to peer 0x5a61e3d73a90 (13 bytes)
1754361580.829175 sending message 112 to peer 0x5a61e3d73a90 (10 bytes)
1754361580.829178 sending message 112 to peer 0x5a61e3d73a90 (9 bytes)
1754361580.829181 sending message 112 to peer 0x5a61e3d73a90 (12 bytes)
1754361580.829184 sending message 112 to peer 0x5a61e3d73a90 (13 bytes)
1754361580.829187 sending message 112 to peer 0x5a61e3d73a90 (13 bytes)
1754361580.829190 sending message 112 to peer 0x5a61e3d73a90 (13 bytes)
1754361580.829193 sending message 112 to peer 0x5a61e3d73a90 (13 bytes)
1754361580.829196 sending message 112 to peer 0x5a61e3d73a90 (13 bytes)
1754361580.829199 sending message 112 to peer 0x5a61e3d73a90 (9 bytes)
1754361580.829210 sending message 112 to peer 0x5a61e3d73a90 (12 bytes)
1754361580.829214 sending message 112 to peer 0x5a61e3d73a90 (13 bytes)
1754361580.829217 sending message 112 to peer 0x5a61e3d73a90 (13 bytes)
1754361580.829220 sending message 112 to peer 0x5a61e3d73a90 (13 bytes)
1754361580.829224 sending message 112 to peer 0x5a61e3d73a90 (13 bytes)
1754361580.829227 sending message 112 to peer 0x5a61e3d73a90 (13 bytes)
1754361580.829230 sending message 112 to peer 0x5a61e3d73a90 (11 bytes)
1754361580.829233 sending message 112 to peer 0x5a61e3d73a90 (12 bytes)
1754361580.829237 sending message 112 to peer 0x5a61e3d73a90 (13 bytes)
1754361580.829240 sending message 112 to peer 0x5a61e3d73a90 (13 bytes)
1754361580.829243 sending message 112 to peer 0x5a61e3d73a90 (13 bytes)
1754361580.829246 sending message 112 to peer 0x5a61e3d73a90 (13 bytes)
1754361580.829249 sending message 112 to peer 0x5a61e3d73a90 (13 bytes)
1754361580.829252 sending message 112 to peer 0x5a61e3d73a90 (11 bytes)
1754361580.829259 sending message 112 to peer 0x5a61e3d73a90 (12 bytes)
1754361580.829263 sending message 112 to peer 0x5a61e3d73a90 (12 bytes)
1754361580.829266 sending message 112 to peer 0x5a61e3d73a90 (12 bytes)
1754361580.829269 sending message 112 to peer 0x5a61e3d73a90 (12 bytes)
1754361580.829272 sending message 112 to peer 0x5a61e3d73a90 (12 bytes)
1754361580.829275 sending message 112 to peer 0x5a61e3d73a90 (22 bytes)
1754361580.829278 sending message 112 to peer 0x5a61e3d73a90 (12 bytes)
1754361580.829281 sending message 112 to peer 0x5a61e3d73a90 (9 bytes)
1754361580.829284 sending message 112 to peer 0x5a61e3d73a90 (6 bytes)
1754361580.829287 sending message 112 to peer 0x5a61e3d73a90 (13 bytes)
1754361580.829290 sending message 112 to peer 0x5a61e3d73a90 (10 bytes)
1754361580.829293 sending message 112 to peer 0x5a61e3d73a90 (15 bytes)
1754361580.829296 sending message 112 to peer 0x5a61e3d73a90 (11 bytes)
1754361580.829298 sending message 112 to peer 0x5a61e3d73a90 (9 bytes)
1754361580.829302 sending message 112 to peer 0x5a61e3d73a90 (70 bytes)
1754361580.829305 sending message 112 to peer 0x5a61e3d73a90 (69 bytes)
1754361580.829311 sending message 112 to peer 0x5a61e3d73a90 (34 bytes)
1754361580.829315 sending message 112 to peer 0x5a61e3d73a90 (34 bytes)
1754361580.829319 sending message 112 to peer 0x5a61e3d73a90 (69 bytes)
1754361580.829322 sending message 112 to peer 0x5a61e3d73a90 (12 bytes)
1754361580.829325 sending message 112 to peer 0x5a61e3d73a90 (10 bytes)
1754361580.829328 sending message 112 to peer 0x5a61e3d73a90 (10 bytes)
1754361580.829332 sending message 112 to peer 0x5a61e3d73a90 (15 bytes)
1754361580.829335 sending message 112 to peer 0x5a61e3d73a90 (11 bytes)
1754361580.829338 sending message 112 to peer 0x5a61e3d73a90 (10 bytes)
1754361580.829341 sending message 112 to peer 0x5a61e3d73a90 (10 bytes)
1754361580.829344 sending message 112 to peer 0x5a61e3d73a90 (17 bytes)
1754361580.829347 sending message 112 to peer 0x5a61e3d73a90 (10 bytes)
1754361580.829350 sending message 112 to peer 0x5a61e3d73a90 (13 bytes)
1754361580.829353 sending message 112 to peer 0x5a61e3d73a90 (17 bytes)
1754361580.829357 sending message 112 to peer 0x5a61e3d73a90 (5 bytes)
1754361580.829360 sending message 112 to peer 0x5a61e3d73a90 (9 bytes)
1754361580.829366 sending message 112 to peer 0x5a61e3d73a90 (15 bytes)
1754361580.829371 sending message 104 to peer 0x5a61e3d73a90 (0 bytes)
1754361580.829375 sending message 110 to peer 0x5a61e3d73a90 (0 bytes)
1754361580.829380 sending message 107 to peer 0x5a61e3d73a90 (4 bytes)
1754361580.829383 sending message 105 to peer 0x5a61e3d73a90 (11 bytes)
1754361580.829386 sending message 105 to peer 0x5a61e3d73a90 (20 bytes)
1754361580.829389 sending message 105 to peer 0x5a61e3d73a90 (15 bytes)
1754361580.829393 sending message 105 to peer 0x5a61e3d73a90 (21 bytes)
1754361580.829396 sending message 105 to peer 0x5a61e3d73a90 (8 bytes)
1754361580.829399 sending message 105 to peer 0x5a61e3d73a90 (17 bytes)
1754361580.829402 sending message 105 to peer 0x5a61e3d73a90 (19 bytes)
1754361580.829410 sending message 105 to peer 0x5a61e3d73a90 (28 bytes)
1754361580.829413 sending message 105 to peer 0x5a61e3d73a90 (24 bytes)
1754361580.829416 sending message 105 to peer 0x5a61e3d73a90 (22 bytes)
1754361580.829420 sending message 105 to peer 0x5a61e3d73a90 (54 bytes)
1754361580.829423 sending message 105 to peer 0x5a61e3d73a90 (20 bytes)
1754361580.829430 sending message 105 to peer 0x5a61e3d73a90 (14 bytes)
1754361580.829434 sending message 105 to peer 0x5a61e3d73a90 (23 bytes)
1754361580.829437 sending message 105 to peer 0x5a61e3d73a90 (15 bytes)
1754361580.829440 sending message 105 to peer 0x5a61e3d73a90 (17 bytes)
1754361580.829443 sending message 105 to peer 0x5a61e3d73a90 (13 bytes)
1754361580.829447 sending message 105 to peer 0x5a61e3d73a90 (287 bytes)
1754361580.829450 sending message 105 to peer 0x5a61e3d73a90 (23 bytes)
1754361580.829454 sending message 105 to peer 0x5a61e3d73a90 (31 bytes)
1754361580.829457 sending message 105 to peer 0x5a61e3d73a90 (11 bytes)
1754361580.829460 sending message 105 to peer 0x5a61e3d73a90 (17 bytes)
1754361580.829463 sending message 105 to peer 0x5a61e3d73a90 (23 bytes)
1754361580.829466 sending message 105 to peer 0x5a61e3d73a90 (25 bytes)
1754361580.829469 sending message 105 to peer 0x5a61e3d73a90 (21 bytes)
1754361580.829473 sending message 105 to peer 0x5a61e3d73a90 (23 bytes)
1754361580.829476 sending message 105 to peer 0x5a61e3d73a90 (41 bytes)
1754361580.829479 sending message 105 to peer 0x5a61e3d73a90 (19 bytes)
1754361580.829485 sending message 105 to peer 0x5a61e3d73a90 (20 bytes)
1754361580.829489 sending message 105 to peer 0x5a61e3d73a90 (19 bytes)
1754361580.829492 sending message 105 to peer 0x5a61e3d73a90 (14 bytes)
1754361580.829496 sending message 105 to peer 0x5a61e3d73a90 (27 bytes)
1754361580.829499 sending message 105 to peer 0x5a61e3d73a90 (52 bytes)
1754361580.829502 sending message 105 to peer 0x5a61e3d73a90 (30 bytes)
1754361580.829505 sending message 105 to peer 0x5a61e3d73a90 (19 bytes)
1754361580.829509 sending message 105 to peer 0x5a61e3d73a90 (11 bytes)
1754361580.829512 sending message 105 to peer 0x5a61e3d73a90 (29 bytes)
1754361580.829515 sending message 105 to peer 0x5a61e3d73a90 (41 bytes)
1754361580.829518 sending message 105 to peer 0x5a61e3d73a90 (23 bytes)
1754361580.829522 sending message 105 to peer 0x5a61e3d73a90 (98 bytes)
1754361580.829525 sending message 105 to peer 0x5a61e3d73a90 (23 bytes)
1754361580.829528 sending message 105 to peer 0x5a61e3d73a90 (21 bytes)
1754361580.829542 sending message 105 to peer 0x5a61e3d73a90 (41 bytes)
1754361580.829549 sending message 105 to peer 0x5a61e3d73a90 (20 bytes)
1754361580.829553 sending message 105 to peer 0x5a61e3d73a90 (98 bytes)
1754361580.829557 sending message 105 to peer 0x5a61e3d73a90 (18 bytes)
1754361580.829560 sending message 105 to peer 0x5a61e3d73a90 (17 bytes)
1754361580.829563 sending message 105 to peer 0x5a61e3d73a90 (17 bytes)
1754361580.829566 sending message 105 to peer 0x5a61e3d73a90 (20 bytes)
1754361580.829569 sending message 105 to peer 0x5a61e3d73a90 (15 bytes)
1754361580.829572 sending message 105 to peer 0x5a61e3d73a90 (60 bytes)
1754361580.829576 sending message 105 to peer 0x5a61e3d73a90 (57 bytes)
1754361580.829579 sending message 105 to peer 0x5a61e3d73a90 (62 bytes)
1754361580.829582 sending message 105 to peer 0x5a61e3d73a90 (30 bytes)
1754361580.829586 sending message 105 to peer 0x5a61e3d73a90 (12 bytes)
1754361580.829589 sending message 105 to peer 0x5a61e3d73a90 (20 bytes)
1754361580.829592 sending message 105 to peer 0x5a61e3d73a90 (27 bytes)
1754361580.829595 sending message 105 to peer 0x5a61e3d73a90 (11 bytes)
1754361580.829601 sending message 105 to peer 0x5a61e3d73a90 (8 bytes)
1754361580.829605 sending message 105 to peer 0x5a61e3d73a90 (32 bytes)
1754361580.829609 sending message 105 to peer 0x5a61e3d73a90 (1519 bytes)
1754361580.829647 sending message 105 to peer 0x5a61e3d73a90 (10 bytes)
1754361580.829652 sending message 105 to peer 0x5a61e3d73a90 (24 bytes)
1754361580.829655 sending message 105 to peer 0x5a61e3d73a90 (12 bytes)
1754361580.829663 sending message 105 to peer 0x5a61e3d73a90 (12 bytes)
1754361580.829667 sending message 105 to peer 0x5a61e3d73a90 (19 bytes)
1754361580.829670 sending message 105 to peer 0x5a61e3d73a90 (10 bytes)
1754361580.829674 sending message 105 to peer 0x5a61e3d73a90 (18 bytes)
1754361580.829677 sending message 105 to peer 0x5a61e3d73a90 (25 bytes)
1754361580.829680 sending message 105 to peer 0x5a61e3d73a90 (16 bytes)
1754361580.829684 sending message 105 to peer 0x5a61e3d73a90 (52 bytes)
1754361580.829688 sending message 105 to peer 0x5a61e3d73a90 (61 bytes)
1754361580.829691 sending message 105 to peer 0x5a61e3d73a90 (16 bytes)
1754361580.829695 sending message 106 to peer 0x5a61e3d73a90 (0 bytes)
1754361580.829704 sending message 200 to peer 0x5a61e3d73a90 (4 bytes)
1754361580.829708 client loop enter
1754361580.829778 client_signal: Child exited
1754361581.077493 peer 0x5a61e3d73a90 message 207
1754361581.077509 sending message 208 to peer 0x5a61e3d73a90 (0 bytes)
1754361584.746803 peer 0x5a61e3d73a90 message 203
1754361584.746851 sending message 205 to peer 0x5a61e3d73a90 (0 bytes)
1754361584.747251 peer 0x5a61e3d73a90 message 204
1754361584.747256 client loop exit
